<?xml version="1.0" encoding="UTF-8"?>
<testsuite xmlns:xsi="http://www.w3.org/2001/XMLSchema-instance" xsi:noNamespaceSchemaLocation="https://maven.apache.org/surefire/maven-surefire-plugin/xsd/surefire-test-report-3.0.xsd" version="3.0" name="taheoport.service.DataHandlerTest" time="0.304" tests="61" errors="0" skipped="0" failures="0">
  <properties>
    <property name="java.specification.version" value="17"/>
    <property name="sun.jnu.encoding" value="UTF-8"/>
    <property name="java.class.path" value="/home/andrew/MyJava/Taheoport/target/test-classes:/home/andrew/MyJava/Taheoport/target/classes:/home/andrew/.m2/repository/org/apache/maven/plugins/maven-javadoc-plugin/3.6.3/maven-javadoc-plugin-3.6.3.jar:/home/andrew/.m2/repository/javax/inject/javax.inject/1/javax.inject-1.jar:/home/andrew/.m2/repository/org/apache/maven/reporting/maven-reporting-api/3.1.1/maven-reporting-api-3.1.1.jar:/home/andrew/.m2/repository/org/apache/maven/maven-archiver/3.6.1/maven-archiver-3.6.1.jar:/home/andrew/.m2/repository/org/codehaus/plexus/plexus-interpolation/1.26/plexus-interpolation-1.26.jar:/home/andrew/.m2/repository/org/apache/maven/shared/maven-invoker/3.2.0/maven-invoker-3.2.0.jar:/home/andrew/.m2/repository/org/apache/maven/shared/maven-shared-utils/3.4.2/maven-shared-utils-3.4.2.jar:/home/andrew/.m2/repository/org/slf4j/slf4j-api/1.7.36/slf4j-api-1.7.36.jar:/home/andrew/.m2/repository/commons-io/commons-io/2.11.0/commons-io-2.11.0.jar:/home/andrew/.m2/repository/org/apache/maven/shared/maven-common-artifact-filters/3.2.0/maven-common-artifact-filters-3.2.0.jar:/home/andrew/.m2/repository/org/apache/maven/maven-artifact/3.1.1/maven-artifact-3.1.1.jar:/home/andrew/.m2/repository/org/apache/maven/maven-model/3.1.1/maven-model-3.1.1.jar:/home/andrew/.m2/repository/org/apache/maven/maven-core/3.1.1/maven-core-3.1.1.jar:/home/andrew/.m2/repository/org/apache/maven/maven-settings/3.1.1/maven-settings-3.1.1.jar:/home/andrew/.m2/repository/org/apache/maven/maven-settings-builder/3.1.1/maven-settings-builder-3.1.1.jar:/home/andrew/.m2/repository/org/apache/maven/maven-repository-metadata/3.1.1/maven-repository-metadata-3.1.1.jar:/home/andrew/.m2/repository/org/apache/maven/maven-model-builder/3.1.1/maven-model-builder-3.1.1.jar:/home/andrew/.m2/repository/org/apache/maven/maven-aether-provider/3.1.1/maven-aether-provider-3.1.1.jar:/home/andrew/.m2/repository/org/eclipse/aether/aether-spi/0.9.0.M2/aether-spi-0.9.0.M2.jar:/home/andrew/.m2/repository/org/eclipse/aether/aether-impl/0.9.0.M2/aether-impl-0.9.0.M2.jar:/home/andrew/.m2/repository/org/codehaus/plexus/plexus-classworlds/2.5.1/plexus-classworlds-2.5.1.jar:/home/andrew/.m2/repository/org/sonatype/plexus/plexus-sec-dispatcher/1.3/plexus-sec-dispatcher-1.3.jar:/home/andrew/.m2/repository/org/sonatype/plexus/plexus-cipher/1.4/plexus-cipher-1.4.jar:/home/andrew/.m2/repository/org/apache/maven/maven-plugin-api/3.1.1/maven-plugin-api-3.1.1.jar:/home/andrew/.m2/repository/org/eclipse/aether/aether-api/0.9.0.M2/aether-api-0.9.0.M2.jar:/home/andrew/.m2/repository/org/eclipse/aether/aether-util/0.9.0.M2/aether-util-0.9.0.M2.jar:/home/andrew/.m2/repository/org/eclipse/sisu/org.eclipse.sisu.plexus/0.0.0.M5/org.eclipse.sisu.plexus-0.0.0.M5.jar:/home/andrew/.m2/repository/javax/enterprise/cdi-api/1.0/cdi-api-1.0.jar:/home/andrew/.m2/repository/javax/annotation/jsr250-api/1.0/jsr250-api-1.0.jar:/home/andrew/.m2/repository/com/google/guava/guava/10.0.1/guava-10.0.1.jar:/home/andrew/.m2/repository/com/google/code/findbugs/jsr305/1.3.9/jsr305-1.3.9.jar:/home/andrew/.m2/repository/org/sonatype/sisu/sisu-guice/3.1.0/sisu-guice-3.1.0-no_aop.jar:/home/andrew/.m2/repository/aopalliance/aopalliance/1.0/aopalliance-1.0.jar:/home/andrew/.m2/repository/org/eclipse/sisu/org.eclipse.sisu.inject/0.0.0.M5/org.eclipse.sisu.inject-0.0.0.M5.jar:/home/andrew/.m2/repository/org/apache/maven/doxia/doxia-sink-api/1.11.1/doxia-sink-api-1.11.1.jar:/home/andrew/.m2/repository/org/apache/maven/doxia/doxia-logging-api/1.11.1/doxia-logging-api-1.11.1.jar:/home/andrew/.m2/repository/org/apache/maven/doxia/doxia-site-renderer/1.11.1/doxia-site-renderer-1.11.1.jar:/home/andrew/.m2/repository/org/apache/maven/doxia/doxia-core/1.11.1/doxia-core-1.11.1.jar:/home/andrew/.m2/repository/org/apache/maven/doxia/doxia-decoration-model/1.11.1/doxia-decoration-model-1.11.1.jar:/home/andrew/.m2/repository/org/apache/maven/doxia/doxia-skin-model/1.11.1/doxia-skin-model-1.11.1.jar:/home/andrew/.m2/repository/org/apache/maven/doxia/doxia-module-xhtml/1.11.1/doxia-module-xhtml-1.11.1.jar:/home/andrew/.m2/repository/org/apache/maven/doxia/doxia-module-xhtml5/1.11.1/doxia-module-xhtml5-1.11.1.jar:/home/andrew/.m2/repository/org/codehaus/plexus/plexus-component-annotations/2.0.0/plexus-component-annotations-2.0.0.jar:/home/andrew/.m2/repository/org/codehaus/plexus/plexus-i18n/1.0-beta-10/plexus-i18n-1.0-beta-10.jar:/home/andrew/.m2/repository/org/codehaus/plexus/plexus-container-default/1.0-alpha-30/plexus-container-default-1.0-alpha-30.jar:/home/andrew/.m2/repository/org/codehaus/plexus/plexus-velocity/1.2/plexus-velocity-1.2.jar:/home/andrew/.m2/repository/org/apache/velocity/velocity/1.7/velocity-1.7.jar:/home/andrew/.m2/repository/commons-lang/commons-lang/2.4/commons-lang-2.4.jar:/home/andrew/.m2/repository/commons-collections/commons-collections/3.2.2/commons-collections-3.2.2.jar:/home/andrew/.m2/repository/org/apache/maven/wagon/wagon-provider-api/2.4/wagon-provider-api-2.4.jar:/home/andrew/.m2/repository/org/apache/commons/commons-lang3/3.14.0/commons-lang3-3.14.0.jar:/home/andrew/.m2/repository/org/apache/commons/commons-text/1.11.0/commons-text-1.11.0.jar:/home/andrew/.m2/repository/org/apache/httpcomponents/httpclient/4.5.14/httpclient-4.5.14.jar:/home/andrew/.m2/repository/commons-logging/commons-logging/1.2/commons-logging-1.2.jar:/home/andrew/.m2/repository/commons-codec/commons-codec/1.11/commons-codec-1.11.jar:/home/andrew/.m2/repository/org/apache/httpcomponents/httpcore/4.4.16/httpcore-4.4.16.jar:/home/andrew/.m2/repository/com/thoughtworks/qdox/qdox/2.0.3/qdox-2.0.3.jar:/home/andrew/.m2/repository/org/codehaus/plexus/plexus-java/1.2.0/plexus-java-1.2.0.jar:/home/andrew/.m2/repository/org/ow2/asm/asm/9.6/asm-9.6.jar:/home/andrew/.m2/repository/org/codehaus/plexus/plexus-utils/4.0.0/plexus-utils-4.0.0.jar:/home/andrew/.m2/repository/org/codehaus/plexus/plexus-xml/3.0.0/plexus-xml-3.0.0.jar:/home/andrew/.m2/repository/org/codehaus/plexus/plexus-io/3.4.1/plexus-io-3.4.1.jar:/home/andrew/.m2/repository/org/codehaus/plexus/plexus-archiver/4.9.0/plexus-archiver-4.9.0.jar:/home/andrew/.m2/repository/org/apache/commons/commons-compress/1.24.0/commons-compress-1.24.0.jar:/home/andrew/.m2/repository/org/iq80/snappy/snappy/0.4/snappy-0.4.jar:/home/andrew/.m2/repository/org/tukaani/xz/1.9/xz-1.9.jar:/home/andrew/.m2/repository/com/github/luben/zstd-jni/1.5.5-10/zstd-jni-1.5.5-10.jar:/home/andrew/.m2/repository/org/codehaus/plexus/plexus-interactivity-api/1.1/plexus-interactivity-api-1.1.jar:/home/andrew/.m2/repository/junit/junit/4.13.2/junit-4.13.2.jar:/home/andrew/.m2/repository/org/hamcrest/hamcrest-core/1.3/hamcrest-core-1.3.jar:/home/andrew/.m2/repository/org/junit/jupiter/junit-jupiter/5.11.4/junit-jupiter-5.11.4.jar:/home/andrew/.m2/repository/org/junit/jupiter/junit-jupiter-api/5.11.4/junit-jupiter-api-5.11.4.jar:/home/andrew/.m2/repository/org/opentest4j/opentest4j/1.3.0/opentest4j-1.3.0.jar:/home/andrew/.m2/repository/org/junit/platform/junit-platform-commons/1.11.4/junit-platform-commons-1.11.4.jar:/home/andrew/.m2/repository/org/apiguardian/apiguardian-api/1.1.2/apiguardian-api-1.1.2.jar:/home/andrew/.m2/repository/org/junit/jupiter/junit-jupiter-params/5.11.4/junit-jupiter-params-5.11.4.jar:/home/andrew/.m2/repository/org/junit/jupiter/junit-jupiter-engine/5.11.4/junit-jupiter-engine-5.11.4.jar:/home/andrew/.m2/repository/org/junit/platform/junit-platform-engine/1.11.4/junit-platform-engine-1.11.4.jar:/home/andrew/.m2/repository/org/jetbrains/annotations/26.0.1/annotations-26.0.1.jar:"/>
    <property name="java.vm.vendor" value="Oracle Corporation"/>
    <property name="sun.arch.data.model" value="64"/>
    <property name="java.vendor.url" value="https://java.oracle.com/"/>
    <property name="os.name" value="Linux"/>
    <property name="java.vm.specification.version" value="17"/>
    <property name="sun.java.launcher" value="SUN_STANDARD"/>
    <property name="user.country" value="RU"/>
    <property name="sun.boot.library.path" value="/usr/lib/jvm/jdk-17-oracle-x64/lib"/>
    <property name="sun.java.command" value="/home/andrew/MyJava/Taheoport/target/surefire/surefirebooter-20241219112750353_3.jar /home/andrew/MyJava/Taheoport/target/surefire 2024-12-19T11-27-50_253-jvmRun1 surefire-20241219112750353_1tmp surefire_0-20241219112750353_2tmp"/>
    <property name="jdk.debug" value="release"/>
    <property name="surefire.test.class.path" value="/home/andrew/MyJava/Taheoport/target/test-classes:/home/andrew/MyJava/Taheoport/target/classes:/home/andrew/.m2/repository/org/apache/maven/plugins/maven-javadoc-plugin/3.6.3/maven-javadoc-plugin-3.6.3.jar:/home/andrew/.m2/repository/javax/inject/javax.inject/1/javax.inject-1.jar:/home/andrew/.m2/repository/org/apache/maven/reporting/maven-reporting-api/3.1.1/maven-reporting-api-3.1.1.jar:/home/andrew/.m2/repository/org/apache/maven/maven-archiver/3.6.1/maven-archiver-3.6.1.jar:/home/andrew/.m2/repository/org/codehaus/plexus/plexus-interpolation/1.26/plexus-interpolation-1.26.jar:/home/andrew/.m2/repository/org/apache/maven/shared/maven-invoker/3.2.0/maven-invoker-3.2.0.jar:/home/andrew/.m2/repository/org/apache/maven/shared/maven-shared-utils/3.4.2/maven-shared-utils-3.4.2.jar:/home/andrew/.m2/repository/org/slf4j/slf4j-api/1.7.36/slf4j-api-1.7.36.jar:/home/andrew/.m2/repository/commons-io/commons-io/2.11.0/commons-io-2.11.0.jar:/home/andrew/.m2/repository/org/apache/maven/shared/maven-common-artifact-filters/3.2.0/maven-common-artifact-filters-3.2.0.jar:/home/andrew/.m2/repository/org/apache/maven/maven-artifact/3.1.1/maven-artifact-3.1.1.jar:/home/andrew/.m2/repository/org/apache/maven/maven-model/3.1.1/maven-model-3.1.1.jar:/home/andrew/.m2/repository/org/apache/maven/maven-core/3.1.1/maven-core-3.1.1.jar:/home/andrew/.m2/repository/org/apache/maven/maven-settings/3.1.1/maven-settings-3.1.1.jar:/home/andrew/.m2/repository/org/apache/maven/maven-settings-builder/3.1.1/maven-settings-builder-3.1.1.jar:/home/andrew/.m2/repository/org/apache/maven/maven-repository-metadata/3.1.1/maven-repository-metadata-3.1.1.jar:/home/andrew/.m2/repository/org/apache/maven/maven-model-builder/3.1.1/maven-model-builder-3.1.1.jar:/home/andrew/.m2/repository/org/apache/maven/maven-aether-provider/3.1.1/maven-aether-provider-3.1.1.jar:/home/andrew/.m2/repository/org/eclipse/aether/aether-spi/0.9.0.M2/aether-spi-0.9.0.M2.jar:/home/andrew/.m2/repository/org/eclipse/aether/aether-impl/0.9.0.M2/aether-impl-0.9.0.M2.jar:/home/andrew/.m2/repository/org/codehaus/plexus/plexus-classworlds/2.5.1/plexus-classworlds-2.5.1.jar:/home/andrew/.m2/repository/org/sonatype/plexus/plexus-sec-dispatcher/1.3/plexus-sec-dispatcher-1.3.jar:/home/andrew/.m2/repository/org/sonatype/plexus/plexus-cipher/1.4/plexus-cipher-1.4.jar:/home/andrew/.m2/repository/org/apache/maven/maven-plugin-api/3.1.1/maven-plugin-api-3.1.1.jar:/home/andrew/.m2/repository/org/eclipse/aether/aether-api/0.9.0.M2/aether-api-0.9.0.M2.jar:/home/andrew/.m2/repository/org/eclipse/aether/aether-util/0.9.0.M2/aether-util-0.9.0.M2.jar:/home/andrew/.m2/repository/org/eclipse/sisu/org.eclipse.sisu.plexus/0.0.0.M5/org.eclipse.sisu.plexus-0.0.0.M5.jar:/home/andrew/.m2/repository/javax/enterprise/cdi-api/1.0/cdi-api-1.0.jar:/home/andrew/.m2/repository/javax/annotation/jsr250-api/1.0/jsr250-api-1.0.jar:/home/andrew/.m2/repository/com/google/guava/guava/10.0.1/guava-10.0.1.jar:/home/andrew/.m2/repository/com/google/code/findbugs/jsr305/1.3.9/jsr305-1.3.9.jar:/home/andrew/.m2/repository/org/sonatype/sisu/sisu-guice/3.1.0/sisu-guice-3.1.0-no_aop.jar:/home/andrew/.m2/repository/aopalliance/aopalliance/1.0/aopalliance-1.0.jar:/home/andrew/.m2/repository/org/eclipse/sisu/org.eclipse.sisu.inject/0.0.0.M5/org.eclipse.sisu.inject-0.0.0.M5.jar:/home/andrew/.m2/repository/org/apache/maven/doxia/doxia-sink-api/1.11.1/doxia-sink-api-1.11.1.jar:/home/andrew/.m2/repository/org/apache/maven/doxia/doxia-logging-api/1.11.1/doxia-logging-api-1.11.1.jar:/home/andrew/.m2/repository/org/apache/maven/doxia/doxia-site-renderer/1.11.1/doxia-site-renderer-1.11.1.jar:/home/andrew/.m2/repository/org/apache/maven/doxia/doxia-core/1.11.1/doxia-core-1.11.1.jar:/home/andrew/.m2/repository/org/apache/maven/doxia/doxia-decoration-model/1.11.1/doxia-decoration-model-1.11.1.jar:/home/andrew/.m2/repository/org/apache/maven/doxia/doxia-skin-model/1.11.1/doxia-skin-model-1.11.1.jar:/home/andrew/.m2/repository/org/apache/maven/doxia/doxia-module-xhtml/1.11.1/doxia-module-xhtml-1.11.1.jar:/home/andrew/.m2/repository/org/apache/maven/doxia/doxia-module-xhtml5/1.11.1/doxia-module-xhtml5-1.11.1.jar:/home/andrew/.m2/repository/org/codehaus/plexus/plexus-component-annotations/2.0.0/plexus-component-annotations-2.0.0.jar:/home/andrew/.m2/repository/org/codehaus/plexus/plexus-i18n/1.0-beta-10/plexus-i18n-1.0-beta-10.jar:/home/andrew/.m2/repository/org/codehaus/plexus/plexus-container-default/1.0-alpha-30/plexus-container-default-1.0-alpha-30.jar:/home/andrew/.m2/repository/org/codehaus/plexus/plexus-velocity/1.2/plexus-velocity-1.2.jar:/home/andrew/.m2/repository/org/apache/velocity/velocity/1.7/velocity-1.7.jar:/home/andrew/.m2/repository/commons-lang/commons-lang/2.4/commons-lang-2.4.jar:/home/andrew/.m2/repository/commons-collections/commons-collections/3.2.2/commons-collections-3.2.2.jar:/home/andrew/.m2/repository/org/apache/maven/wagon/wagon-provider-api/2.4/wagon-provider-api-2.4.jar:/home/andrew/.m2/repository/org/apache/commons/commons-lang3/3.14.0/commons-lang3-3.14.0.jar:/home/andrew/.m2/repository/org/apache/commons/commons-text/1.11.0/commons-text-1.11.0.jar:/home/andrew/.m2/repository/org/apache/httpcomponents/httpclient/4.5.14/httpclient-4.5.14.jar:/home/andrew/.m2/repository/commons-logging/commons-logging/1.2/commons-logging-1.2.jar:/home/andrew/.m2/repository/commons-codec/commons-codec/1.11/commons-codec-1.11.jar:/home/andrew/.m2/repository/org/apache/httpcomponents/httpcore/4.4.16/httpcore-4.4.16.jar:/home/andrew/.m2/repository/com/thoughtworks/qdox/qdox/2.0.3/qdox-2.0.3.jar:/home/andrew/.m2/repository/org/codehaus/plexus/plexus-java/1.2.0/plexus-java-1.2.0.jar:/home/andrew/.m2/repository/org/ow2/asm/asm/9.6/asm-9.6.jar:/home/andrew/.m2/repository/org/codehaus/plexus/plexus-utils/4.0.0/plexus-utils-4.0.0.jar:/home/andrew/.m2/repository/org/codehaus/plexus/plexus-xml/3.0.0/plexus-xml-3.0.0.jar:/home/andrew/.m2/repository/org/codehaus/plexus/plexus-io/3.4.1/plexus-io-3.4.1.jar:/home/andrew/.m2/repository/org/codehaus/plexus/plexus-archiver/4.9.0/plexus-archiver-4.9.0.jar:/home/andrew/.m2/repository/org/apache/commons/commons-compress/1.24.0/commons-compress-1.24.0.jar:/home/andrew/.m2/repository/org/iq80/snappy/snappy/0.4/snappy-0.4.jar:/home/andrew/.m2/repository/org/tukaani/xz/1.9/xz-1.9.jar:/home/andrew/.m2/repository/com/github/luben/zstd-jni/1.5.5-10/zstd-jni-1.5.5-10.jar:/home/andrew/.m2/repository/org/codehaus/plexus/plexus-interactivity-api/1.1/plexus-interactivity-api-1.1.jar:/home/andrew/.m2/repository/junit/junit/4.13.2/junit-4.13.2.jar:/home/andrew/.m2/repository/org/hamcrest/hamcrest-core/1.3/hamcrest-core-1.3.jar:/home/andrew/.m2/repository/org/junit/jupiter/junit-jupiter/5.11.4/junit-jupiter-5.11.4.jar:/home/andrew/.m2/repository/org/junit/jupiter/junit-jupiter-api/5.11.4/junit-jupiter-api-5.11.4.jar:/home/andrew/.m2/repository/org/opentest4j/opentest4j/1.3.0/opentest4j-1.3.0.jar:/home/andrew/.m2/repository/org/junit/platform/junit-platform-commons/1.11.4/junit-platform-commons-1.11.4.jar:/home/andrew/.m2/repository/org/apiguardian/apiguardian-api/1.1.2/apiguardian-api-1.1.2.jar:/home/andrew/.m2/repository/org/junit/jupiter/junit-jupiter-params/5.11.4/junit-jupiter-params-5.11.4.jar:/home/andrew/.m2/repository/org/junit/jupiter/junit-jupiter-engine/5.11.4/junit-jupiter-engine-5.11.4.jar:/home/andrew/.m2/repository/org/junit/platform/junit-platform-engine/1.11.4/junit-platform-engine-1.11.4.jar:/home/andrew/.m2/repository/org/jetbrains/annotations/26.0.1/annotations-26.0.1.jar:"/>
    <property name="sun.cpu.endian" value="little"/>
    <property name="user.home" value="/home/andrew"/>
    <property name="user.language" value="ru"/>
    <property name="java.specification.vendor" value="Oracle Corporation"/>
    <property name="java.version.date" value="2024-01-16"/>
    <property name="java.home" value="/usr/lib/jvm/jdk-17-oracle-x64"/>
    <property name="file.separator" value="/"/>
    <property name="basedir" value="/home/andrew/MyJava/Taheoport"/>
    <property name="java.vm.compressedOopsMode" value="32-bit"/>
    <property name="line.separator" value="&#10;"/>
    <property name="java.vm.specification.vendor" value="Oracle Corporation"/>
    <property name="java.specification.name" value="Java Platform API Specification"/>
    <property name="surefire.real.class.path" value="/home/andrew/MyJava/Taheoport/target/surefire/surefirebooter-20241219112750353_3.jar"/>
    <property name="sun.management.compiler" value="HotSpot 64-Bit Tiered Compilers"/>
    <property name="java.runtime.version" value="17.0.10+11-LTS-240"/>
    <property name="user.name" value="andrew"/>
    <property name="path.separator" value=":"/>
    <property name="os.version" value="5.15.0-126-generic"/>
    <property name="java.runtime.name" value="Java(TM) SE Runtime Environment"/>
    <property name="file.encoding" value="UTF-8"/>
    <property name="java.vm.name" value="Java HotSpot(TM) 64-Bit Server VM"/>
    <property name="localRepository" value="/home/andrew/.m2/repository"/>
    <property name="java.vendor.url.bug" value="https://bugreport.java.com/bugreport/"/>
    <property name="java.io.tmpdir" value="/tmp"/>
    <property name="idea.version" value="2024.3.1"/>
    <property name="java.version" value="17.0.10"/>
    <property name="user.dir" value="/home/andrew/MyJava/Taheoport"/>
    <property name="os.arch" value="amd64"/>
    <property name="java.vm.specification.name" value="Java Virtual Machine Specification"/>
    <property name="native.encoding" value="UTF-8"/>
    <property name="java.library.path" value="/usr/java/packages/lib:/usr/lib64:/lib64:/lib:/usr/lib"/>
    <property name="java.vm.info" value="mixed mode, sharing"/>
    <property name="java.vendor" value="Oracle Corporation"/>
    <property name="java.vm.version" value="17.0.10+11-LTS-240"/>
    <property name="sun.io.unicode.encoding" value="UnicodeLittle"/>
    <property name="java.class.version" value="61.0"/>
  </properties>
  <testcase name="degToDmsTest(double, String)[1]" classname="taheoport.service.DataHandlerTest" time="0.047"/>
  <testcase name="degToDmsTest(double, String)[2]" classname="taheoport.service.DataHandlerTest" time="0.001"/>
  <testcase name="degToDmsTest(double, String)[3]" classname="taheoport.service.DataHandlerTest" time="0.001"/>
  <testcase name="degToDmsTest(double, String)[4]" classname="taheoport.service.DataHandlerTest" time="0.001"/>
  <testcase name="degToDmsTest(double, String)[5]" classname="taheoport.service.DataHandlerTest" time="0.001"/>
  <testcase name="degToDmsTest(double, String)[6]" classname="taheoport.service.DataHandlerTest" time="0.001"/>
  <testcase name="degToDmsTest(double, String)[7]" classname="taheoport.service.DataHandlerTest" time="0.001"/>
  <testcase name="degToDmsTest(double, String)[8]" classname="taheoport.service.DataHandlerTest" time="0.001"/>
  <testcase name="degToDmsTest(double, String)[9]" classname="taheoport.service.DataHandlerTest" time="0.001"/>
  <testcase name="dmsToDegTest(String, double)[1]" classname="taheoport.service.DataHandlerTest" time="0.001"/>
  <testcase name="dmsToDegTest(String, double)[2]" classname="taheoport.service.DataHandlerTest" time="0.001"/>
  <testcase name="dmsToDegTest(String, double)[3]" classname="taheoport.service.DataHandlerTest" time="0.001"/>
  <testcase name="dmsToDegTest(String, double)[4]" classname="taheoport.service.DataHandlerTest" time="0.0"/>
  <testcase name="dmsToDegTest(String, double)[5]" classname="taheoport.service.DataHandlerTest" time="0.001"/>
  <testcase name="dmsToDegTest(String, double)[6]" classname="taheoport.service.DataHandlerTest" time="0.001"/>
  <testcase name="dmsToDegTest(String, double)[7]" classname="taheoport.service.DataHandlerTest" time="0.001"/>
  <testcase name="dmsToDegTest(String, double)[8]" classname="taheoport.service.DataHandlerTest" time="0.001"/>
  <testcase name="dmsToDegTest(String, double)[9]" classname="taheoport.service.DataHandlerTest" time="0.001"/>
  <testcase name="removeFirstZeroTest(String, String)[1]" classname="taheoport.service.DataHandlerTest" time="0.001"/>
  <testcase name="removeFirstZeroTest(String, String)[2]" classname="taheoport.service.DataHandlerTest" time="0.001"/>
  <testcase name="removeFirstZeroTest(String, String)[3]" classname="taheoport.service.DataHandlerTest" time="0.001"/>
  <testcase name="removeFirstZeroTest(String, String)[4]" classname="taheoport.service.DataHandlerTest" time="0.001"/>
  <testcase name="removeFirstZeroTest(String, String)[5]" classname="taheoport.service.DataHandlerTest" time="0.001"/>
  <testcase name="removeFirstZeroTest(String, String)[6]" classname="taheoport.service.DataHandlerTest" time="0.001"/>
  <testcase name="isValidNameFalse(String)[1]" classname="taheoport.service.DataHandlerTest" time="0.001"/>
  <testcase name="isValidNameFalse(String)[2]" classname="taheoport.service.DataHandlerTest" time="0.001"/>
  <testcase name="format(String, String, int)[1]" classname="taheoport.service.DataHandlerTest" time="0.001"/>
  <testcase name="format(String, String, int)[2]" classname="taheoport.service.DataHandlerTest" time="0.002"/>
  <testcase name="format(String, String, int)[3]" classname="taheoport.service.DataHandlerTest" time="0.001"/>
  <testcase name="format(String, String, int)[4]" classname="taheoport.service.DataHandlerTest" time="0.001"/>
  <testcase name="getDbl" classname="taheoport.service.DataHandlerTest" time="0.004"/>
  <testcase name="getStr" classname="taheoport.service.DataHandlerTest" time="0.0"/>
  <testcase name="toTable" classname="taheoport.service.DataHandlerTest" time="0.001"/>
  <testcase name="isValidNameTrue" classname="taheoport.service.DataHandlerTest" time="0.012"/>
  <testcase name="setStr" classname="taheoport.service.DataHandlerTest" time="0.001"/>
  <testcase name="zenithToVertTest(String, String)[1]" classname="taheoport.service.DataHandlerTest" time="0.002"/>
  <testcase name="zenithToVertTest(String, String)[2]" classname="taheoport.service.DataHandlerTest" time="0.001"/>
  <testcase name="zenithToVertTest(String, String)[3]" classname="taheoport.service.DataHandlerTest" time="0.001"/>
  <testcase name="zenithToVertTest(String, String)[4]" classname="taheoport.service.DataHandlerTest" time="0.001"/>
  <testcase name="isPositiveNumberTrue(String)[1]" classname="taheoport.service.DataHandlerTest" time="0.002"/>
  <testcase name="isPositiveNumberTrue(String)[2]" classname="taheoport.service.DataHandlerTest" time="0.001"/>
  <testcase name="isPositiveNumberTrue(String)[3]" classname="taheoport.service.DataHandlerTest" time="0.001"/>
  <testcase name="isPositiveNumberTrue(String)[4]" classname="taheoport.service.DataHandlerTest" time="0.002"/>
  <testcase name="isNumberTrueFalse(String)[1]" classname="taheoport.service.DataHandlerTest" time="0.001"/>
  <testcase name="isNumberTrueFalse(String)[2]" classname="taheoport.service.DataHandlerTest" time="0.001"/>
  <testcase name="isNumberTrueFalse(String)[3]" classname="taheoport.service.DataHandlerTest" time="0.001"/>
  <testcase name="isNumberTrueTest(String)[1]" classname="taheoport.service.DataHandlerTest" time="0.001"/>
  <testcase name="isNumberTrueTest(String)[2]" classname="taheoport.service.DataHandlerTest" time="0.001"/>
  <testcase name="isNumberTrueTest(String)[3]" classname="taheoport.service.DataHandlerTest" time="0.001"/>
  <testcase name="isNumberTrueTest(String)[4]" classname="taheoport.service.DataHandlerTest" time="0.0"/>
  <testcase name="isNumberTrueTest(String)[5]" classname="taheoport.service.DataHandlerTest" time="0.001"/>
  <testcase name="isNumberTrueTest(String)[6]" classname="taheoport.service.DataHandlerTest" time="0.001"/>
  <testcase name="isNumberTrueTest(String)[7]" classname="taheoport.service.DataHandlerTest" time="0.001"/>
  <testcase name="compress" classname="taheoport.service.DataHandlerTest" time="0.001"/>
  <testcase name="dmsToRad" classname="taheoport.service.DataHandlerTest" time="0.0"/>
  <testcase name="radToDms" classname="taheoport.service.DataHandlerTest" time="0.0"/>
  <testcase name="commaToPoint" classname="taheoport.service.DataHandlerTest" time="0.0"/>
  <testcase name="isPositiveNumberFalse(String)[1]" classname="taheoport.service.DataHandlerTest" time="0.001"/>
  <testcase name="isPositiveNumberFalse(String)[2]" classname="taheoport.service.DataHandlerTest" time="0.001"/>
  <testcase name="isPositiveNumberFalse(String)[3]" classname="taheoport.service.DataHandlerTest" time="0.001"/>
  <testcase name="setPointPosition" classname="taheoport.service.DataHandlerTest" time="0.0"/>
</testsuite>